<?xml version="1.0" encoding="UTF-8"?>
<!-- Generated by org.testng.reporters.JUnitXMLReporter -->
<testsuite hostname="DESKTOP-JC2HQ9T" ignored="0" name="Test" tests="4" failures="0" timestamp="04 Mar 2020 14:28:18 GMT" time="0.081" errors="0">
  <testcase name="@BeforeSuite setup" time="7.955" classname="com.jbk.TestCase1">
    <failure type="org.openqa.selenium.SessionNotCreatedException" message="session not created: This version of ChromeDriver only supports Chrome version 78
Build info: version: &amp;apos;3.14.0&amp;apos;, revision: &amp;apos;aacccce0&amp;apos;, time: &amp;apos;2018-08-02T20:19:58.91Z&amp;apos;
System info: host: &amp;apos;DESKTOP-JC2HQ9T&amp;apos;, ip: &amp;apos;192.168.1.235&amp;apos;, os.name: &amp;apos;Windows 10&amp;apos;, os.arch: &amp;apos;amd64&amp;apos;, os.version: &amp;apos;10.0&amp;apos;, java.version: &amp;apos;1.8.0_241&amp;apos;
Driver info: driver.version: ChromeDriver
remote stacktrace: Backtrace:
	Ordinal0 [0x00FAA903+1550595]
	Ordinal0 [0x00F2A701+1025793]
	Ordinal0 [0x00EAC6E5+509669]
	Ordinal0 [0x00E3FC68+64616]
	Ordinal0 [0x00E3C594+50580]
	Ordinal0 [0x00E5ACE7+175335]
	Ordinal0 [0x00E5A8ED+174317]
	Ordinal0 [0x00E58CDB+167131]
	Ordinal0 [0x00E4144A+70730]
	Ordinal0 [0x00E424D0+74960]
	Ordinal0 [0x00E42469+74857]
	Ordinal0 [0x00F442C7+1131207]
	GetHandleVerifier [0x010470FD+523789]
	GetHandleVerifier [0x01046E90+523168]
	GetHandleVerifier [0x0104E1E7+552695]
	GetHandleVerifier [0x010478FA+525834]
	Ordinal0 [0x00F3B7FC+1095676]
	Ordinal0 [0x00F4633B+1139515]
	Ordinal0 [0x00F464A3+1139875]
	Ordinal0 [0x00F45425+1135653]
	BaseThreadInitThunk [0x761A6359+25]
	RtlGetAppContainerNamedObjectPath [0x77E17B74+228]
	RtlGetAppContainerNamedObjectPath [0x77E17B44+180]
">
      <![CDATA[org.openqa.selenium.SessionNotCreatedException: session not created: This version of ChromeDriver only supports Chrome version 78
Build info: version: '3.14.0', revision: 'aacccce0', time: '2018-08-02T20:19:58.91Z'
System info: host: 'DESKTOP-JC2HQ9T', ip: '192.168.1.235', os.name: 'Windows 10', os.arch: 'amd64', os.version: '10.0', java.version: '1.8.0_241'
Driver info: driver.version: ChromeDriver
remote stacktrace: Backtrace:
Ordinal0 [0x00FAA903+1550595]
Ordinal0 [0x00F2A701+1025793]
Ordinal0 [0x00EAC6E5+509669]
Ordinal0 [0x00E3FC68+64616]
Ordinal0 [0x00E3C594+50580]
Ordinal0 [0x00E5ACE7+175335]
Ordinal0 [0x00E5A8ED+174317]
Ordinal0 [0x00E58CDB+167131]
Ordinal0 [0x00E4144A+70730]
Ordinal0 [0x00E424D0+74960]
Ordinal0 [0x00E42469+74857]
Ordinal0 [0x00F442C7+1131207]
GetHandleVerifier [0x010470FD+523789]
GetHandleVerifier [0x01046E90+523168]
GetHandleVerifier [0x0104E1E7+552695]
GetHandleVerifier [0x010478FA+525834]
Ordinal0 [0x00F3B7FC+1095676]
Ordinal0 [0x00F4633B+1139515]
Ordinal0 [0x00F464A3+1139875]
Ordinal0 [0x00F45425+1135653]
BaseThreadInitThunk [0x761A6359+25]
RtlGetAppContainerNamedObjectPath [0x77E17B74+228]
RtlGetAppContainerNamedObjectPath [0x77E17B44+180]

at org.openqa.selenium.remote.W3CHandshakeResponse.lambda$new$0(W3CHandshakeResponse.java:57)
at org.openqa.selenium.remote.W3CHandshakeResponse.lambda$getResponseFunction$2(W3CHandshakeResponse.java:104)
at org.openqa.selenium.remote.ProtocolHandshake.lambda$createSession$0(ProtocolHandshake.java:122)
at java.util.stream.ReferencePipeline$3$1.accept(Unknown Source)
at java.util.Spliterators$ArraySpliterator.tryAdvance(Unknown Source)
at java.util.stream.ReferencePipeline.forEachWithCancel(Unknown Source)
at java.util.stream.AbstractPipeline.copyIntoWithCancel(Unknown Source)
at java.util.stream.AbstractPipeline.copyInto(Unknown Source)
at java.util.stream.AbstractPipeline.wrapAndCopyInto(Unknown Source)
at java.util.stream.FindOps$FindOp.evaluateSequential(Unknown Source)
at java.util.stream.AbstractPipeline.evaluate(Unknown Source)
at java.util.stream.ReferencePipeline.findFirst(Unknown Source)
at org.openqa.selenium.remote.ProtocolHandshake.createSession(ProtocolHandshake.java:125)
at org.openqa.selenium.remote.ProtocolHandshake.createSession(ProtocolHandshake.java:73)
at org.openqa.selenium.remote.HttpCommandExecutor.execute(HttpCommandExecutor.java:136)
at org.openqa.selenium.remote.service.DriverCommandExecutor.execute(DriverCommandExecutor.java:83)
at org.openqa.selenium.remote.RemoteWebDriver.execute(RemoteWebDriver.java:548)
at org.openqa.selenium.remote.RemoteWebDriver.startSession(RemoteWebDriver.java:212)
at org.openqa.selenium.remote.RemoteWebDriver.<init>(RemoteWebDriver.java:130)
at org.openqa.selenium.chrome.ChromeDriver.<init>(ChromeDriver.java:181)
at org.openqa.selenium.chrome.ChromeDriver.<init>(ChromeDriver.java:168)
at org.openqa.selenium.chrome.ChromeDriver.<init>(ChromeDriver.java:123)
at com.jbk.TestCase1.setup(TestCase1.java:17)
... Removed 24 stack frames]]>
    </failure>
  </testcase> <!-- @BeforeSuite setup -->
  <testcase name="@BeforeSuite setup" time="0.0" classname="com.jbk.Testcase2">
    <skipped/>
  </testcase> <!-- @BeforeSuite setup -->
  <testcase name="checklogIn" time="0.0" classname="com.jbk.TestCase1">
    <skipped/>
  </testcase> <!-- checklogIn -->
  <testcase name="checktitle" time="0.0" classname="com.jbk.TestCase1">
    <skipped/>
  </testcase> <!-- checktitle -->
  <testcase name="checkTitle" time="0.0" classname="com.jbk.Testcase2">
    <skipped/>
  </testcase> <!-- checkTitle -->
  <testcase name="checkUsersTitle" time="0.0" classname="com.jbk.Testcase2">
    <skipped/>
  </testcase> <!-- checkUsersTitle -->
</testsuite> <!-- Test -->
