<?xml version="1.0" encoding="UTF-8"?>
<!-- Generated by org.testng.reporters.JUnitReportReporter -->
<testsuite skipped="2" hostname="DESKTOP-JC2HQ9T" name="com.jbk.TestCase1" tests="3" failures="0" timestamp="04 Mar 2020 14:28:19 GMT" time="7.955" errors="1">
  <testcase name="setup" time="7.955" classname="com.jbk.TestCase1">
    <error type="org.openqa.selenium.SessionNotCreatedException" message="session not created: This version of ChromeDriver only supports Chrome version 78
Build info: version: &#039;3.14.0&#039;, revision: &#039;aacccce0&#039;, time: &#039;2018-08-02T20:19:58.91Z&#039;
System info: host: &#039;DESKTOP-JC2HQ9T&#039;, ip: &#039;192.168.1.235&#039;, os.name: &#039;Windows 10&#039;, os.arch: &#039;amd64&#039;, os.version: &#039;10.0&#039;, java.version: &#039;1.8.0_241&#039;
Driver info: driver.version: ChromeDriver
remote stacktrace: Backtrace:
	Ordinal0 [0x00FAA903+1550595]
	Ordinal0 [0x00F2A701+1025793]
	Ordinal0 [0x00EAC6E5+509669]
	Ordinal0 [0x00E3FC68+64616]
	Ordinal0 [0x00E3C594+50580]
	Ordinal0 [0x00E5ACE7+175335]
	Ordinal0 [0x00E5A8ED+174317]
	Ordinal0 [0x00E58CDB+167131]
	Ordinal0 [0x00E4144A+70730]
	Ordinal0 [0x00E424D0+74960]
	Ordinal0 [0x00E42469+74857]
	Ordinal0 [0x00F442C7+1131207]
	GetHandleVerifier [0x010470FD+523789]
	GetHandleVerifier [0x01046E90+523168]
	GetHandleVerifier [0x0104E1E7+552695]
	GetHandleVerifier [0x010478FA+525834]
	Ordinal0 [0x00F3B7FC+1095676]
	Ordinal0 [0x00F4633B+1139515]
	Ordinal0 [0x00F464A3+1139875]
	Ordinal0 [0x00F45425+1135653]
	BaseThreadInitThunk [0x761A6359+25]
	RtlGetAppContainerNamedObjectPath [0x77E17B74+228]
	RtlGetAppContainerNamedObjectPath [0x77E17B44+180]
">
      <![CDATA[org.openqa.selenium.SessionNotCreatedException: session not created: This version of ChromeDriver only supports Chrome version 78
Build info: version: '3.14.0', revision: 'aacccce0', time: '2018-08-02T20:19:58.91Z'
System info: host: 'DESKTOP-JC2HQ9T', ip: '192.168.1.235', os.name: 'Windows 10', os.arch: 'amd64', os.version: '10.0', java.version: '1.8.0_241'
Driver info: driver.version: ChromeDriver
remote stacktrace: Backtrace:
Ordinal0 [0x00FAA903+1550595]
Ordinal0 [0x00F2A701+1025793]
Ordinal0 [0x00EAC6E5+509669]
Ordinal0 [0x00E3FC68+64616]
Ordinal0 [0x00E3C594+50580]
Ordinal0 [0x00E5ACE7+175335]
Ordinal0 [0x00E5A8ED+174317]
Ordinal0 [0x00E58CDB+167131]
Ordinal0 [0x00E4144A+70730]
Ordinal0 [0x00E424D0+74960]
Ordinal0 [0x00E42469+74857]
Ordinal0 [0x00F442C7+1131207]
GetHandleVerifier [0x010470FD+523789]
GetHandleVerifier [0x01046E90+523168]
GetHandleVerifier [0x0104E1E7+552695]
GetHandleVerifier [0x010478FA+525834]
Ordinal0 [0x00F3B7FC+1095676]
Ordinal0 [0x00F4633B+1139515]
Ordinal0 [0x00F464A3+1139875]
Ordinal0 [0x00F45425+1135653]
BaseThreadInitThunk [0x761A6359+25]
RtlGetAppContainerNamedObjectPath [0x77E17B74+228]
RtlGetAppContainerNamedObjectPath [0x77E17B44+180]

at sun.reflect.NativeConstructorAccessorImpl.newInstance0(Native Method)
at sun.reflect.NativeConstructorAccessorImpl.newInstance(Unknown Source)
at sun.reflect.DelegatingConstructorAccessorImpl.newInstance(Unknown Source)
at java.lang.reflect.Constructor.newInstance(Unknown Source)
at org.openqa.selenium.remote.W3CHandshakeResponse.lambda$new$0(W3CHandshakeResponse.java:57)
at org.openqa.selenium.remote.W3CHandshakeResponse.lambda$getResponseFunction$2(W3CHandshakeResponse.java:104)
at org.openqa.selenium.remote.ProtocolHandshake.lambda$createSession$0(ProtocolHandshake.java:122)
at java.util.stream.ReferencePipeline$3$1.accept(Unknown Source)
at java.util.Spliterators$ArraySpliterator.tryAdvance(Unknown Source)
at java.util.stream.ReferencePipeline.forEachWithCancel(Unknown Source)
at java.util.stream.AbstractPipeline.copyIntoWithCancel(Unknown Source)
at java.util.stream.AbstractPipeline.copyInto(Unknown Source)
at java.util.stream.AbstractPipeline.wrapAndCopyInto(Unknown Source)
at java.util.stream.FindOps$FindOp.evaluateSequential(Unknown Source)
at java.util.stream.AbstractPipeline.evaluate(Unknown Source)
at java.util.stream.ReferencePipeline.findFirst(Unknown Source)
at org.openqa.selenium.remote.ProtocolHandshake.createSession(ProtocolHandshake.java:125)
at org.openqa.selenium.remote.ProtocolHandshake.createSession(ProtocolHandshake.java:73)
at org.openqa.selenium.remote.HttpCommandExecutor.execute(HttpCommandExecutor.java:136)
at org.openqa.selenium.remote.service.DriverCommandExecutor.execute(DriverCommandExecutor.java:83)
at org.openqa.selenium.remote.RemoteWebDriver.execute(RemoteWebDriver.java:548)
at org.openqa.selenium.remote.RemoteWebDriver.startSession(RemoteWebDriver.java:212)
at org.openqa.selenium.remote.RemoteWebDriver.<init>(RemoteWebDriver.java:130)
at org.openqa.selenium.chrome.ChromeDriver.<init>(ChromeDriver.java:181)
at org.openqa.selenium.chrome.ChromeDriver.<init>(ChromeDriver.java:168)
at org.openqa.selenium.chrome.ChromeDriver.<init>(ChromeDriver.java:123)
at com.jbk.TestCase1.setup(TestCase1.java:17)
at sun.reflect.NativeMethodAccessorImpl.invoke0(Native Method)
at sun.reflect.NativeMethodAccessorImpl.invoke(Unknown Source)
at sun.reflect.DelegatingMethodAccessorImpl.invoke(Unknown Source)
at java.lang.reflect.Method.invoke(Unknown Source)
at org.testng.internal.MethodInvocationHelper.invokeMethod(MethodInvocationHelper.java:124)
at org.testng.internal.MethodInvocationHelper.invokeMethodConsideringTimeout(MethodInvocationHelper.java:59)
at org.testng.internal.Invoker.invokeConfigurationMethod(Invoker.java:458)
at org.testng.internal.Invoker.invokeConfigurations(Invoker.java:222)
at org.testng.internal.Invoker.invokeConfigurations(Invoker.java:142)
at org.testng.SuiteRunner.privateRun(SuiteRunner.java:401)
at org.testng.SuiteRunner.run(SuiteRunner.java:364)
at org.testng.SuiteRunnerWorker.runSuite(SuiteRunnerWorker.java:52)
at org.testng.SuiteRunnerWorker.run(SuiteRunnerWorker.java:84)
at org.testng.TestNG.runSuitesSequentially(TestNG.java:1208)
at org.testng.TestNG.runSuitesLocally(TestNG.java:1137)
at org.testng.TestNG.runSuites(TestNG.java:1049)
at org.testng.TestNG.run(TestNG.java:1017)
at org.testng.remote.AbstractRemoteTestNG.run(AbstractRemoteTestNG.java:132)
at org.testng.remote.RemoteTestNG.initAndRun(RemoteTestNG.java:236)
at org.testng.remote.RemoteTestNG.main(RemoteTestNG.java:81)
]]>
    </error>
  </testcase> <!-- setup -->
  <testcase name="checktitle" time="0.000" classname="com.jbk.TestCase1">
    <skipped/>
  </testcase> <!-- checktitle -->
  <testcase name="checklogIn" time="0.000" classname="com.jbk.TestCase1">
    <skipped/>
  </testcase> <!-- checklogIn -->
</testsuite> <!-- com.jbk.TestCase1 -->
